<?xml version="1.0" encoding="UTF-8"?>
<!-- Generated by org.testng.reporters.JUnitXMLReporter -->
<testsuite ignored="1" hostname="LAPTOP-54GBLK4C" failures="0" tests="4" name="Default test" time="0.064" errors="0" timestamp="2024-06-23T23:10:18 IST">
  <testcase classname="test.Day3" name="APILoginCarLoan" time="0.009"/>
  <testcase classname="test.Day3" name="MobileLoginCarLoan" time="0.005"/>
  <testcase classname="test.Day3" name="MobileLoginCarLoan" time="0.0"/>
  <testcase classname="test.Day3" name="MobileLoginCarLoan" time="0.001"/>
  <testcase classname="test.Day3" name="webLoginCarLoan" time="0.0">
    <ignored/>
  </testcase> <!-- webLoginCarLoan -->
</testsuite> <!-- Default test -->
