<?xml version="1.0" encoding="UTF-8"?>
<!-- Generated by org.testng.reporters.JUnitXMLReporter -->
<testsuite ignored="2" hostname="LAPTOP-54GBLK4C" failures="0" tests="1" name="Car Loan" time="0.079" errors="0" timestamp="2024-06-23T23:59:08 IST">
  <testcase classname="test.Day3" name="APILoginCarLoan" time="0.015"/>
  <testcase classname="test.Day3" name="webLoginCarLoan" time="0.0">
    <ignored/>
  </testcase> <!-- webLoginCarLoan -->
  <testcase classname="test.Day3" name="MobileLoginCarLoan" time="0.0">
    <ignored/>
  </testcase> <!-- MobileLoginCarLoan -->
</testsuite> <!-- Car Loan -->
