<?xml version="1.0" encoding="UTF-8"?>
<!-- Generated by org.testng.reporters.JUnitXMLReporter -->
<testsuite ignored="6" hostname="LAPTOP-54GBLK4C" failures="0" tests="3" name="Regression" time="0.109" errors="0" timestamp="2024-06-23T00:19:07 IST">
  <testcase classname="test.Day1" name="Demo" time="0.024"/>
  <testcase classname="test.Day2" name="ploan" time="0.003"/>
  <testcase classname="test.Day4" name="MobileLoginHomeLoan" time="0.002"/>
  <testcase classname="test.Day3" name="webLoginCarLoan" time="0.0">
    <ignored/>
  </testcase> <!-- webLoginCarLoan -->
  <testcase classname="test.Day1" name="secondTest" time="0.0">
    <ignored/>
  </testcase> <!-- secondTest -->
  <testcase classname="test.Day4" name="APILoginHomeLoan" time="0.0">
    <ignored/>
  </testcase> <!-- APILoginHomeLoan -->
  <testcase classname="test.Day3" name="MobileLoginCarLoan" time="0.0">
    <ignored/>
  </testcase> <!-- MobileLoginCarLoan -->
  <testcase classname="test.Day4" name="webLoginHomeLoan" time="0.0">
    <ignored/>
  </testcase> <!-- webLoginHomeLoan -->
  <testcase classname="test.Day3" name="APILoginCarLoan" time="0.0">
    <ignored/>
  </testcase> <!-- APILoginCarLoan -->
</testsuite> <!-- Regression -->
